# JRE version: Java(TM) SE Runtime Environment (8.0_25-b18) (build 1.8.0_25-b18)
# Java VM: Java HotSpot(TM) 64-Bit Server VM (25.25-b02 mixed mode windows-amd64 compressed oops)
Heap:
 PSYoungGen      total 54272K, used 38482K [0x00000007bc400000, 0x00000007c0000000, 0x00000007c0000000)
  eden space 47616K, 78% used [0x00000007bc400000,0x00000007be84e810,0x00000007bf280000)
  from space 6656K, 19% used [0x00000007bf280000,0x00000007bf3c63b0,0x00000007bf900000)
  to   space 6656K, 0% used [0x00000007bf980000,0x00000007bf980000,0x00000007c0000000)
 ParOldGen       total 177664K, used 42447K [0x0000000700000000, 0x000000070ad80000, 0x00000007bc400000)
  object space 177664K, 23% used [0x0000000700000000,0x0000000702973ef8,0x000000070ad80000)
 Metaspace       used 55046K, capacity 55367K, committed 55808K, reserved 1097728K
  class space    used 7867K, capacity 7928K, committed 7936K, reserved 1048576K
GC Heap History (10 events):
Event: 1380.798 GC heap before
{Heap before GC invocations=59 (full 7):
 PSYoungGen      total 53760K, used 47731K [0x00000007bc400000, 0x00000007c0000000, 0x00000007c0000000)
  eden space 46592K, 100% used [0x00000007bc400000,0x00000007bf180000,0x00000007bf180000)
  from space 7168K, 15% used [0x00000007bf180000,0x00000007bf29cdf0,0x00000007bf880000)
  to   space 7168K, 0% used [0x00000007bf900000,0x00000007bf900000,0x00000007c0000000)
 ParOldGen       total 177664K, used 42291K [0x0000000700000000, 0x000000070ad80000, 0x00000007bc400000)
  object space 177664K, 23% used [0x0000000700000000,0x000000070294cc10,0x000000070ad80000)
 Metaspace       used 54626K, capacity 54957K, committed 55552K, reserved 1097728K
  class space    used 7856K, capacity 7925K, committed 7936K, reserved 1048576K
Event: 1380.804 GC heap after
Heap after GC invocations=59 (full 7):
 PSYoungGen      total 54272K, used 1641K [0x00000007bc400000, 0x00000007c0000000, 0x00000007c0000000)
  eden space 47104K, 0% used [0x00000007bc400000,0x00000007bc400000,0x00000007bf200000)
  from space 7168K, 22% used [0x00000007bf900000,0x00000007bfa9a430,0x00000007c0000000)
  to   space 7168K, 0% used [0x00000007bf200000,0x00000007bf200000,0x00000007bf900000)
 ParOldGen       total 177664K, used 42291K [0x0000000700000000, 0x000000070ad80000, 0x00000007bc400000)
  object space 177664K, 23% used [0x0000000700000000,0x000000070294cc10,0x000000070ad80000)
 Metaspace       used 54626K, capacity 54957K, committed 55552K, reserved 1097728K
  class space    used 7856K, capacity 7925K, committed 7936K, reserved 1048576K
}
Event: 1436.866 GC heap before
{Heap before GC invocations=60 (full 7):
 PSYoungGen      total 54272K, used 48745K [0x00000007bc400000, 0x00000007c0000000, 0x00000007c0000000)
  eden space 47104K, 100% used [0x00000007bc400000,0x00000007bf200000,0x00000007bf200000)
  from space 7168K, 22% used [0x00000007bf900000,0x00000007bfa9a430,0x00000007c0000000)
  to   space 7168K, 0% used [0x00000007bf200000,0x00000007bf200000,0x00000007bf900000)
 ParOldGen       total 177664K, used 42291K [0x0000000700000000, 0x000000070ad80000, 0x00000007bc400000)
  object space 177664K, 23% used [0x0000000700000000,0x000000070294cc10,0x000000070ad80000)
 Metaspace       used 54746K, capacity 55041K, committed 55552K, reserved 1097728K
  class space    used 7859K, capacity 7927K, committed 7936K, reserved 1048576K
Event: 1436.872 GC heap after
Heap after GC invocations=60 (full 7):
 PSYoungGen      total 54272K, used 1870K [0x00000007bc400000, 0x00000007c0000000, 0x00000007c0000000)
  eden space 47104K, 0% used [0x00000007bc400000,0x00000007bc400000,0x00000007bf200000)
  from space 7168K, 26% used [0x00000007bf200000,0x00000007bf3d3b40,0x00000007bf900000)
  to   space 7168K, 0% used [0x00000007bf900000,0x00000007bf900000,0x00000007c0000000)
 ParOldGen       total 177664K, used 42291K [0x0000000700000000, 0x000000070ad80000, 0x00000007bc400000)
  object space 177664K, 23% used [0x0000000700000000,0x000000070294cc10,0x000000070ad80000)
 Metaspace       used 54746K, capacity 55041K, committed 55552K, reserved 1097728K
  class space    used 7859K, capacity 7927K, committed 7936K, reserved 1048576K
}
Event: 1440.906 GC heap before
{Heap before GC invocations=61 (full 7):
 PSYoungGen      total 54272K, used 36813K [0x00000007bc400000, 0x00000007c0000000, 0x00000007c0000000)
  eden space 47104K, 74% used [0x00000007bc400000,0x00000007be61fbd8,0x00000007bf200000)
  from space 7168K, 26% used [0x00000007bf200000,0x00000007bf3d3b40,0x00000007bf900000)
  to   space 7168K, 0% used [0x00000007bf900000,0x00000007bf900000,0x00000007c0000000)
 ParOldGen       total 177664K, used 42291K [0x0000000700000000, 0x000000070ad80000, 0x00000007bc400000)
  object space 177664K, 23% used [0x0000000700000000,0x000000070294cc10,0x000000070ad80000)
 Metaspace       used 54808K, capacity 55169K, committed 55808K, reserved 1097728K
  class space    used 7859K, capacity 7927K, committed 7936K, reserved 1048576K
Event: 1440.910 GC heap after
Heap after GC invocations=61 (full 7):
 PSYoungGen      total 54784K, used 1858K [0x00000007bc400000, 0x00000007c0000000, 0x00000007c0000000)
  eden space 47616K, 0% used [0x00000007bc400000,0x00000007bc400000,0x00000007bf280000)
  from space 7168K, 25% used [0x00000007bf900000,0x00000007bfad0ba0,0x00000007c0000000)
  to   space 6656K, 0% used [0x00000007bf280000,0x00000007bf280000,0x00000007bf900000)
 ParOldGen       total 177664K, used 42299K [0x0000000700000000, 0x000000070ad80000, 0x00000007bc400000)
  object space 177664K, 23% used [0x0000000700000000,0x000000070294ec10,0x000000070ad80000)
 Metaspace       used 54808K, capacity 55169K, committed 55808K, reserved 1097728K
  class space    used 7859K, capacity 7927K, committed 7936K, reserved 1048576K
}
Event: 1440.910 GC heap before
{Heap before GC invocations=62 (full 8):
 PSYoungGen      total 54784K, used 1858K [0x00000007bc400000, 0x00000007c0000000, 0x00000007c0000000)
  eden space 47616K, 0% used [0x00000007bc400000,0x00000007bc400000,0x00000007bf280000)
  from space 7168K, 25% used [0x00000007bf900000,0x00000007bfad0ba0,0x00000007c0000000)
  to   space 6656K, 0% used [0x00000007bf280000,0x00000007bf280000,0x00000007bf900000)
 ParOldGen       total 177664K, used 42299K [0x0000000700000000, 0x000000070ad80000, 0x00000007bc400000)
  object space 177664K, 23% used [0x0000000700000000,0x000000070294ec10,0x000000070ad80000)
 Metaspace       used 54808K, capacity 55169K, committed 55808K, reserved 1097728K
  class space    used 7859K, capacity 7927K, committed 7936K, reserved 1048576K
Event: 1441.105 GC heap after
Heap after GC invocations=62 (full 8):
 PSYoungGen      total 54784K, used 0K [0x00000007bc400000, 0x00000007c0000000, 0x00000007c0000000)
  eden space 47616K, 0% used [0x00000007bc400000,0x00000007bc400000,0x00000007bf280000)
  from space 7168K, 0% used [0x00000007bf900000,0x00000007bf900000,0x00000007c0000000)
  to   space 6656K, 0% used [0x00000007bf280000,0x00000007bf280000,0x00000007bf900000)
 ParOldGen       total 177664K, used 42447K [0x0000000700000000, 0x000000070ad80000, 0x00000007bc400000)
  object space 177664K, 23% used [0x0000000700000000,0x0000000702973ef8,0x000000070ad80000)
 Metaspace       used 54808K, capacity 55169K, committed 55808K, reserved 1097728K
  class space    used 7859K, capacity 7927K, committed 7936K, reserved 1048576K
}
Event: 1447.605 GC heap before
{Heap before GC invocations=63 (full 8):
 PSYoungGen      total 54784K, used 47616K [0x00000007bc400000, 0x00000007c0000000, 0x00000007c0000000)
  eden space 47616K, 100% used [0x00000007bc400000,0x00000007bf280000,0x00000007bf280000)
  from space 7168K, 0% used [0x00000007bf900000,0x00000007bf900000,0x00000007c0000000)
  to   space 6656K, 0% used [0x00000007bf280000,0x00000007bf280000,0x00000007bf900000)
 ParOldGen       total 177664K, used 42447K [0x0000000700000000, 0x000000070ad80000, 0x00000007bc400000)
  object space 177664K, 23% used [0x0000000700000000,0x0000000702973ef8,0x000000070ad80000)
 Metaspace       used 54979K, capacity 55297K, committed 55808K, reserved 1097728K
  class space    used 7866K, capacity 7927K, committed 7936K, reserved 1048576K
Event: 1447.615 GC heap after
Heap after GC invocations=63 (full 8):
 PSYoungGen      total 54272K, used 1304K [0x00000007bc400000, 0x00000007c0000000, 0x00000007c0000000)
  eden space 47616K, 0% used [0x00000007bc400000,0x00000007bc400000,0x00000007bf280000)
  from space 6656K, 19% used [0x00000007bf280000,0x00000007bf3c63b0,0x00000007bf900000)
  to   space 6656K, 0% used [0x00000007bf980000,0x00000007bf980000,0x00000007c0000000)
 ParOldGen       total 177664K, used 42447K [0x0000000700000000, 0x000000070ad80000, 0x00000007bc400000)
  object space 177664K, 23% used [0x0000000700000000,0x0000000702973ef8,0x000000070ad80000)
 Metaspace       used 54979K, capacity 55297K, committed 55808K, reserved 1097728K
  class space    used 7866K, capacity 7927K, committed 7936K, reserved 1048576K
}

